  main.cpp
C:\Users\TGJGx\Documents\coding\c++\Tanks\TanksGame\Maths.h(70,13): warning C4244: 'initializing': conversion from 'float' to 'int', possible loss of data
  (compiling source file 'main.cpp')
  
C:\Users\TGJGx\Documents\coding\c++\Tanks\TanksGame\Maths.h(71,13): warning C4244: 'initializing': conversion from 'float' to 'int', possible loss of data
  (compiling source file 'main.cpp')
  
C:\Users\TGJGx\Documents\coding\c++\Tanks\TanksGame\Maths.h(83,51): warning C4244: 'argument': conversion from 'float' to 'int', possible loss of data
  (compiling source file 'main.cpp')
  
C:\Users\TGJGx\Documents\coding\c++\Tanks\TanksGame\Maths.h(83,33): warning C4244: 'argument': conversion from 'float' to 'int', possible loss of data
  (compiling source file 'main.cpp')
  
C:\Users\TGJGx\Documents\coding\c++\Tanks\TanksGame\Terrain.h(13,13): warning C4244: 'argument': conversion from 'time_t' to 'unsigned int', possible loss of data
  (compiling source file 'main.cpp')
  
C:\Users\TGJGx\Documents\coding\c++\Tanks\TanksGame\Terrain.h(22,19): warning C4244: '=': conversion from 'int' to '_Ty', possible loss of data
C:\Users\TGJGx\Documents\coding\c++\Tanks\TanksGame\Terrain.h(22,19): warning C4244:         with
C:\Users\TGJGx\Documents\coding\c++\Tanks\TanksGame\Terrain.h(22,19): warning C4244:         [
C:\Users\TGJGx\Documents\coding\c++\Tanks\TanksGame\Terrain.h(22,19): warning C4244:             _Ty=float
C:\Users\TGJGx\Documents\coding\c++\Tanks\TanksGame\Terrain.h(22,19): warning C4244:         ]
  (compiling source file 'main.cpp')
  
C:\Users\TGJGx\Documents\coding\c++\Tanks\TanksGame\Terrain.h(22,40): warning C4244: '=': conversion from 'int' to '_Ty', possible loss of data
C:\Users\TGJGx\Documents\coding\c++\Tanks\TanksGame\Terrain.h(22,40): warning C4244:         with
C:\Users\TGJGx\Documents\coding\c++\Tanks\TanksGame\Terrain.h(22,40): warning C4244:         [
C:\Users\TGJGx\Documents\coding\c++\Tanks\TanksGame\Terrain.h(22,40): warning C4244:             _Ty=float
C:\Users\TGJGx\Documents\coding\c++\Tanks\TanksGame\Terrain.h(22,40): warning C4244:         ]
  (compiling source file 'main.cpp')
  
C:\Users\TGJGx\Documents\coding\c++\Tanks\TanksGame\Terrain.h(33,57): warning C4244: 'argument': conversion from '_Ty' to 'int', possible loss of data
C:\Users\TGJGx\Documents\coding\c++\Tanks\TanksGame\Terrain.h(33,57): warning C4244:         with
C:\Users\TGJGx\Documents\coding\c++\Tanks\TanksGame\Terrain.h(33,57): warning C4244:         [
C:\Users\TGJGx\Documents\coding\c++\Tanks\TanksGame\Terrain.h(33,57): warning C4244:             _Ty=float
C:\Users\TGJGx\Documents\coding\c++\Tanks\TanksGame\Terrain.h(33,57): warning C4244:         ]
  (compiling source file 'main.cpp')
  
C:\Users\TGJGx\Documents\coding\c++\Tanks\TanksGame\Terrain.h(33,45): warning C4244: 'argument': conversion from '_Ty' to 'int', possible loss of data
C:\Users\TGJGx\Documents\coding\c++\Tanks\TanksGame\Terrain.h(33,45): warning C4244:         with
C:\Users\TGJGx\Documents\coding\c++\Tanks\TanksGame\Terrain.h(33,45): warning C4244:         [
C:\Users\TGJGx\Documents\coding\c++\Tanks\TanksGame\Terrain.h(33,45): warning C4244:             _Ty=float
C:\Users\TGJGx\Documents\coding\c++\Tanks\TanksGame\Terrain.h(33,45): warning C4244:         ]
  (compiling source file 'main.cpp')
  
C:\Users\TGJGx\Documents\coding\c++\Tanks\TanksGame\Terrain.h(33,66): warning C4244: '+=': conversion from 'double' to 'float', possible loss of data
  (compiling source file 'main.cpp')
  
C:\Users\TGJGx\Documents\coding\c++\Tanks\TanksGame\Tank.h(25,59): warning C4244: 'argument': conversion from 'float' to 'int', possible loss of data
  (compiling source file 'main.cpp')
  
C:\Users\TGJGx\Documents\coding\c++\Tanks\TanksGame\Tank.h(25,33): warning C4244: 'argument': conversion from 'float' to 'int', possible loss of data
  (compiling source file 'main.cpp')
  
C:\Users\TGJGx\Documents\coding\c++\Tanks\TanksGame\Tank.h(26,59): warning C4244: 'argument': conversion from 'float' to 'int', possible loss of data
  (compiling source file 'main.cpp')
  
C:\Users\TGJGx\Documents\coding\c++\Tanks\TanksGame\Tank.h(26,33): warning C4244: 'argument': conversion from 'float' to 'int', possible loss of data
  (compiling source file 'main.cpp')
  
C:\Users\TGJGx\Documents\coding\c++\Tanks\TanksGame\Tank.h(27,59): warning C4244: 'argument': conversion from 'float' to 'int', possible loss of data
  (compiling source file 'main.cpp')
  
C:\Users\TGJGx\Documents\coding\c++\Tanks\TanksGame\Tank.h(27,33): warning C4244: 'argument': conversion from 'float' to 'int', possible loss of data
  (compiling source file 'main.cpp')
  
C:\Users\TGJGx\Documents\coding\c++\Tanks\TanksGame\Tank.h(28,59): warning C4244: 'argument': conversion from 'float' to 'int', possible loss of data
  (compiling source file 'main.cpp')
  
C:\Users\TGJGx\Documents\coding\c++\Tanks\TanksGame\Tank.h(28,33): warning C4244: 'argument': conversion from 'float' to 'int', possible loss of data
  (compiling source file 'main.cpp')
  
  Generating code
  14 of 101 functions (13.9%) were compiled, the rest were copied from previous compilation.
    11 functions were new in current compilation
    0 functions had inline decision re-evaluated but remain unchanged
  Finished generating code
  TanksGame.vcxproj -> C:\Users\TGJGx\Documents\coding\c++\Tanks\TanksGame\x64\Release\TanksGame.exe
